<?xml version="1.0" encoding="UTF-8"?>
<!-- Generated by org.testng.reporters.JUnitReportReporter -->
<testsuite hostname="ojt28-PC" name="DriverFactory.AppTest" tests="1" failures="0" timestamp="20 Dec 2019 05:59:24 GMT" time="55.160" errors="0">
  <testcase name="startTest" time="55.160" classname="DriverFactory.AppTest"/>
</testsuite> <!-- DriverFactory.AppTest -->
