<?xml version="1.0" encoding="UTF-8"?>
<!-- Generated by org.testng.reporters.JUnitReportReporter -->
<testsuite hostname="ojt28-PC" name="DriverFactory.DriverScript" tests="1" failures="0" timestamp="23 Dec 2019 04:42:36 GMT" time="54.065" errors="0">
  <testcase name="ERP_Test" time="54.065" classname="DriverFactory.DriverScript"/>
</testsuite> <!-- DriverFactory.DriverScript -->
